GROUP,PACKAGE,CLASS,INSTRUCTION_MISSED,INSTRUCTION_COVERED,BRANCH_MISSED,BRANCH_COVERED,LINE_MISSED,LINE_COVERED,COMPLEXITY_MISSED,COMPLEXITY_COVERED,METHOD_MISSED,METHOD_COVERED
microservice-patient,microservicePatient.services,PatientService,6,94,0,0,0,25,1,9,1,9
microservice-patient,microservicePatient.models,Patient,4,55,0,0,2,23,1,16,1,16
microservice-patient,microservicePatient,MicroservicePatientApplication,5,3,0,0,2,1,1,1,1,1
microservice-patient,microservicePatient.controllers,PatientController,33,73,3,1,10,19,3,7,1,7
microservice-patient,microservicePatient.controllers,PatientRestController,0,20,0,0,0,6,0,4,0,4
