GROUP,PACKAGE,CLASS,INSTRUCTION_MISSED,INSTRUCTION_COVERED,BRANCH_MISSED,BRANCH_COVERED,LINE_MISSED,LINE_COVERED,COMPLEXITY_MISSED,COMPLEXITY_COVERED,METHOD_MISSED,METHOD_COVERED
microservice-patient,microservicePatient.services,PatientService,6,94,0,0,0,25,1,9,1,9
microservice-patient,microservicePatient.models,Patient,0,59,0,0,0,25,0,17,0,17
microservice-patient,microservicePatient,MicroservicePatientApplication,5,3,0,0,2,1,1,1,1,1
microservice-patient,microservicePatient.controllers,PatientController,10,96,2,2,4,25,2,8,0,8
microservice-patient,microservicePatient.controllers,PatientRestController,0,25,0,0,0,8,0,5,0,5
